{"C:\\Users\\Lagora\\dev\\test.nwnb.00\\src\\index.js": {"path":"C:\\Users\\Lagora\\dev\\test.nwnb.00\\src\\index.js","statementMap":{"0":{"start":{"line":1,"column":13},"end":{"line":1,"column":75}},"1":{"start":{"line":1,"column":75},"end":{"line":1,"column":99}},"2":{"start":{"line":1,"column":99},"end":{"line":1,"column":117}},"3":{"start":{"line":2,"column":0},"end":{"line":2,"column":33}},"4":{"start":{"line":3,"column":13},"end":{"line":3,"column":29}},"5":{"start":{"line":3,"column":44},"end":{"line":3,"column":74}},"6":{"start":{"line":4,"column":18},"end":{"line":4,"column":40}},"7":{"start":{"line":5,"column":16},"end":{"line":5,"column":36}},"8":{"start":{"line":6,"column":11},"end":{"line":6,"column":38}},"9":{"start":{"line":6,"column":51},"end":{"line":6,"column":79}},"10":{"start":{"line":7,"column":13},"end":{"line":7,"column":31}},"11":{"start":{"line":8,"column":13},"end":{"line":8,"column":39}},"12":{"start":{"line":8,"column":78},"end":{"line":8,"column":132}},"13":{"start":{"line":10,"column":0},"end":{"line":10,"column":26}},"14":{"start":{"line":12,"column":10},"end":{"line":17,"column":53}},"15":{"start":{"line":12,"column":48},"end":{"line":17,"column":52}},"16":{"start":{"line":12,"column":68},"end":{"line":17,"column":50}},"17":{"start":{"line":20,"column":0},"end":{"line":22,"column":14}},"18":{"start":{"line":22,"column":14},"end":{"line":25,"column":4}}},"fnMap":{"0":{"name":"_interopRequireDefault","decl":{"start":{"line":8,"column":49},"end":{"line":8,"column":71}},"loc":{"start":{"line":8,"column":77},"end":{"line":8,"column":133}},"line":8},"1":{"name":"run","decl":{"start":{"line":12,"column":33},"end":{"line":12,"column":36}},"loc":{"start":{"line":12,"column":47},"end":{"line":17,"column":53}},"line":12},"2":{"name":"(anonymous_2)","decl":{"start":{"line":12,"column":55},"end":{"line":12,"column":56}},"loc":{"start":{"line":12,"column":67},"end":{"line":17,"column":51}},"line":12}},"branchMap":{"0":{"loc":{"start":{"line":8,"column":85},"end":{"line":8,"column":131}},"type":"cond-expr","locations":[{"start":{"line":8,"column":109},"end":{"line":8,"column":112}},{"start":{"line":8,"column":115},"end":{"line":8,"column":131}}],"line":8},"1":{"loc":{"start":{"line":8,"column":85},"end":{"line":8,"column":106}},"type":"binary-expr","locations":[{"start":{"line":8,"column":85},"end":{"line":8,"column":88}},{"start":{"line":8,"column":92},"end":{"line":8,"column":106}}],"line":8}},"s":{"0":0,"1":0,"2":0,"3":0,"4":0,"5":0,"6":0,"7":0,"8":0,"9":0,"10":0,"11":0,"12":0,"13":0,"14":0,"15":0,"16":0,"17":0,"18":0},"f":{"0":0,"1":0,"2":0},"b":{"0":[0,0],"1":[0,0]}}
,"C:\\Users\\Lagora\\dev\\test.nwnb.00\\src\\utils.js": {"path":"C:\\Users\\Lagora\\dev\\test.nwnb.00\\src\\utils.js","statementMap":{"0":{"start":{"line":1,"column":28},"end":{"line":7,"column":4}},"1":{"start":{"line":1,"column":46},"end":{"line":7,"column":4}},"2":{"start":{"line":1,"column":56},"end":{"line":7,"column":4}},"3":{"start":{"line":2,"column":3},"end":{"line":7,"column":3}},"4":{"start":{"line":4,"column":19},"end":{"line":4,"column":71}},"5":{"start":{"line":9,"column":25},"end":{"line":10,"column":34}},"6":{"start":{"line":9,"column":37},"end":{"line":10,"column":34}},"7":{"start":{"line":10,"column":2},"end":{"line":10,"column":34}},"8":{"start":{"line":12,"column":21},"end":{"line":13,"column":106}},"9":{"start":{"line":12,"column":28},"end":{"line":13,"column":106}},"10":{"start":{"line":12,"column":41},"end":{"line":13,"column":106}},"11":{"start":{"line":13,"column":3},"end":{"line":13,"column":105}},"12":{"start":{"line":13,"column":97},"end":{"line":13,"column":104}},"13":{"start":{"line":15,"column":28},"end":{"line":16,"column":80}},"14":{"start":{"line":15,"column":55},"end":{"line":16,"column":80}},"15":{"start":{"line":16,"column":3},"end":{"line":16,"column":79}},"16":{"start":{"line":18,"column":27},"end":{"line":19,"column":18}},"17":{"start":{"line":19,"column":2},"end":{"line":19,"column":18}}},"fnMap":{"0":{"name":"(anonymous_0)","decl":{"start":{"line":1,"column":28},"end":{"line":1,"column":29}},"loc":{"start":{"line":1,"column":46},"end":{"line":7,"column":4}},"line":1},"1":{"name":"(anonymous_1)","decl":{"start":{"line":1,"column":46},"end":{"line":1,"column":47}},"loc":{"start":{"line":1,"column":56},"end":{"line":7,"column":4}},"line":1},"2":{"name":"(anonymous_2)","decl":{"start":{"line":1,"column":56},"end":{"line":1,"column":57}},"loc":{"start":{"line":2,"column":3},"end":{"line":7,"column":3}},"line":2},"3":{"name":"(anonymous_3)","decl":{"start":{"line":4,"column":6},"end":{"line":4,"column":7}},"loc":{"start":{"line":4,"column":19},"end":{"line":4,"column":71}},"line":4},"4":{"name":"(anonymous_4)","decl":{"start":{"line":9,"column":25},"end":{"line":9,"column":26}},"loc":{"start":{"line":9,"column":37},"end":{"line":10,"column":34}},"line":9},"5":{"name":"(anonymous_5)","decl":{"start":{"line":9,"column":37},"end":{"line":9,"column":38}},"loc":{"start":{"line":10,"column":2},"end":{"line":10,"column":34}},"line":10},"6":{"name":"(anonymous_6)","decl":{"start":{"line":12,"column":21},"end":{"line":12,"column":22}},"loc":{"start":{"line":12,"column":28},"end":{"line":13,"column":106}},"line":12},"7":{"name":"(anonymous_7)","decl":{"start":{"line":12,"column":28},"end":{"line":12,"column":29}},"loc":{"start":{"line":12,"column":41},"end":{"line":13,"column":106}},"line":12},"8":{"name":"(anonymous_8)","decl":{"start":{"line":12,"column":41},"end":{"line":12,"column":42}},"loc":{"start":{"line":13,"column":3},"end":{"line":13,"column":105}},"line":13},"9":{"name":"(anonymous_9)","decl":{"start":{"line":13,"column":87},"end":{"line":13,"column":88}},"loc":{"start":{"line":13,"column":97},"end":{"line":13,"column":104}},"line":13},"10":{"name":"(anonymous_10)","decl":{"start":{"line":15,"column":28},"end":{"line":15,"column":29}},"loc":{"start":{"line":15,"column":55},"end":{"line":16,"column":80}},"line":15},"11":{"name":"(anonymous_11)","decl":{"start":{"line":15,"column":55},"end":{"line":15,"column":56}},"loc":{"start":{"line":16,"column":3},"end":{"line":16,"column":79}},"line":16},"12":{"name":"(anonymous_12)","decl":{"start":{"line":18,"column":27},"end":{"line":18,"column":28}},"loc":{"start":{"line":19,"column":2},"end":{"line":19,"column":18}},"line":19}},"branchMap":{"0":{"loc":{"start":{"line":12,"column":29},"end":{"line":12,"column":36}},"type":"default-arg","locations":[{"start":{"line":12,"column":35},"end":{"line":12,"column":36}}],"line":12},"1":{"loc":{"start":{"line":12,"column":42},"end":{"line":12,"column":55}},"type":"default-arg","locations":[{"start":{"line":12,"column":53},"end":{"line":12,"column":55}}],"line":12},"2":{"loc":{"start":{"line":13,"column":3},"end":{"line":13,"column":105}},"type":"cond-expr","locations":[{"start":{"line":13,"column":35},"end":{"line":13,"column":71}},{"start":{"line":13,"column":74},"end":{"line":13,"column":105}}],"line":13},"3":{"loc":{"start":{"line":15,"column":56},"end":{"line":15,"column":76}},"type":"default-arg","locations":[{"start":{"line":15,"column":64},"end":{"line":15,"column":76}}],"line":15},"4":{"loc":{"start":{"line":16,"column":3},"end":{"line":16,"column":79}},"type":"cond-expr","locations":[{"start":{"line":16,"column":36},"end":{"line":16,"column":71}},{"start":{"line":16,"column":74},"end":{"line":16,"column":79}}],"line":16},"5":{"loc":{"start":{"line":16,"column":3},"end":{"line":16,"column":33}},"type":"binary-expr","locations":[{"start":{"line":16,"column":3},"end":{"line":16,"column":9}},{"start":{"line":16,"column":13},"end":{"line":16,"column":33}}],"line":16}},"s":{"0":1,"1":0,"2":0,"3":0,"4":0,"5":1,"6":0,"7":0,"8":1,"9":0,"10":0,"11":0,"12":0,"13":1,"14":0,"15":0,"16":1,"17":1},"f":{"0":0,"1":0,"2":0,"3":0,"4":0,"5":0,"6":0,"7":0,"8":0,"9":0,"10":0,"11":0,"12":1},"b":{"0":[0],"1":[0],"2":[0,0],"3":[0],"4":[0,0],"5":[0,0]},"_coverageSchema":"332fd63041d2c1bcb487cc26dd0d5f7d97098a6c","hash":"c71b338227b89e36315ea45b6ffce47b48762983"}
,"C:\\Users\\Lagora\\dev\\test.nwnb.00\\src\\components\\App.js": {"path":"C:\\Users\\Lagora\\dev\\test.nwnb.00\\src\\components\\App.js","statementMap":{"0":{"start":{"line":1,"column":13},"end":{"line":1,"column":75}},"1":{"start":{"line":1,"column":75},"end":{"line":1,"column":99}},"2":{"start":{"line":1,"column":112},"end":{"line":1,"column":128}},"3":{"start":{"line":1,"column":143},"end":{"line":1,"column":173}},"4":{"start":{"line":2,"column":13},"end":{"line":2,"column":29}},"5":{"start":{"line":3,"column":18},"end":{"line":3,"column":40}},"6":{"start":{"line":4,"column":15},"end":{"line":4,"column":44}},"7":{"start":{"line":5,"column":13},"end":{"line":5,"column":32}},"8":{"start":{"line":7,"column":13},"end":{"line":7,"column":41}},"9":{"start":{"line":8,"column":12},"end":{"line":8,"column":38}},"10":{"start":{"line":8,"column":52},"end":{"line":8,"column":81}},"11":{"start":{"line":9,"column":12},"end":{"line":9,"column":27}},"12":{"start":{"line":10,"column":15},"end":{"line":10,"column":35}},"13":{"start":{"line":10,"column":74},"end":{"line":10,"column":128}},"14":{"start":{"line":12,"column":10},"end":{"line":22,"column":1}},"15":{"start":{"line":13,"column":2},"end":{"line":18,"column":3}},"16":{"start":{"line":14,"column":15},"end":{"line":14,"column":30}},"17":{"start":{"line":15,"column":15},"end":{"line":15,"column":39}},"18":{"start":{"line":16,"column":4},"end":{"line":16,"column":60}},"19":{"start":{"line":17,"column":4},"end":{"line":17,"column":17}},"20":{"start":{"line":19,"column":2},"end":{"line":20,"column":56}},"21":{"start":{"line":22,"column":2},"end":{"line":27,"column":5}},"22":{"start":{"line":25,"column":18},"end":{"line":25,"column":31}}},"fnMap":{"0":{"name":"_interopRequireDefault","decl":{"start":{"line":10,"column":45},"end":{"line":10,"column":67}},"loc":{"start":{"line":10,"column":73},"end":{"line":10,"column":129}},"line":10},"1":{"name":"App","decl":{"start":{"line":12,"column":33},"end":{"line":12,"column":36}},"loc":{"start":{"line":12,"column":44},"end":{"line":22,"column":1}},"line":12},"2":{"name":"(anonymous_2)","decl":{"start":{"line":25,"column":0},"end":{"line":25,"column":1}},"loc":{"start":{"line":25,"column":17},"end":{"line":25,"column":32}},"line":25}},"branchMap":{"0":{"loc":{"start":{"line":10,"column":81},"end":{"line":10,"column":127}},"type":"cond-expr","locations":[{"start":{"line":10,"column":105},"end":{"line":10,"column":108}},{"start":{"line":10,"column":111},"end":{"line":10,"column":127}}],"line":10},"1":{"loc":{"start":{"line":10,"column":81},"end":{"line":10,"column":102}},"type":"binary-expr","locations":[{"start":{"line":10,"column":81},"end":{"line":10,"column":84}},{"start":{"line":10,"column":88},"end":{"line":10,"column":102}}],"line":10},"2":{"loc":{"start":{"line":13,"column":2},"end":{"line":18,"column":3}},"type":"if","locations":[{"start":{"line":13,"column":2},"end":{"line":18,"column":3}},{"start":{"line":13,"column":2},"end":{"line":18,"column":3}}],"line":13}},"s":{"0":0,"1":0,"2":0,"3":0,"4":0,"5":0,"6":0,"7":0,"8":0,"9":0,"10":0,"11":0,"12":0,"13":0,"14":0,"15":0,"16":0,"17":0,"18":0,"19":0,"20":0,"21":0,"22":0},"f":{"0":0,"1":0,"2":0},"b":{"0":[0,0],"1":[0,0],"2":[0,0]}}
,"C:\\Users\\Lagora\\dev\\test.nwnb.00\\src\\components\\atoms\\Box.js": {"path":"C:\\Users\\Lagora\\dev\\test.nwnb.00\\src\\components\\atoms\\Box.js","statementMap":{"0":{"start":{"line":1,"column":13},"end":{"line":1,"column":75}},"1":{"start":{"line":1,"column":75},"end":{"line":1,"column":99}},"2":{"start":{"line":1,"column":112},"end":{"line":1,"column":128}},"3":{"start":{"line":1,"column":143},"end":{"line":1,"column":173}},"4":{"start":{"line":2,"column":17},"end":{"line":2,"column":38}},"5":{"start":{"line":3,"column":13},"end":{"line":3,"column":35}},"6":{"start":{"line":3,"column":74},"end":{"line":3,"column":128}},"7":{"start":{"line":5,"column":10},"end":{"line":20,"column":35}},"8":{"start":{"line":6,"column":35},"end":{"line":6,"column":48}},"9":{"start":{"line":6,"column":60},"end":{"line":6,"column":73}},"10":{"start":{"line":6,"column":81},"end":{"line":6,"column":90}},"11":{"start":{"line":6,"column":91},"end":{"line":20,"column":34}},"12":{"start":{"line":24,"column":0},"end":{"line":26,"column":35}},"13":{"start":{"line":29,"column":0},"end":{"line":44,"column":15}},"14":{"start":{"line":44,"column":15},"end":{"line":47,"column":4}}},"fnMap":{"0":{"name":"_interopRequireDefault","decl":{"start":{"line":3,"column":45},"end":{"line":3,"column":67}},"loc":{"start":{"line":3,"column":73},"end":{"line":3,"column":129}},"line":3},"1":{"name":"Box","decl":{"start":{"line":6,"column":9},"end":{"line":6,"column":12}},"loc":{"start":{"line":6,"column":19},"end":{"line":20,"column":35}},"line":6}},"branchMap":{"0":{"loc":{"start":{"line":3,"column":81},"end":{"line":3,"column":127}},"type":"cond-expr","locations":[{"start":{"line":3,"column":105},"end":{"line":3,"column":108}},{"start":{"line":3,"column":111},"end":{"line":3,"column":127}}],"line":3},"1":{"loc":{"start":{"line":3,"column":81},"end":{"line":3,"column":102}},"type":"binary-expr","locations":[{"start":{"line":3,"column":81},"end":{"line":3,"column":84}},{"start":{"line":3,"column":88},"end":{"line":3,"column":102}}],"line":3}},"s":{"0":0,"1":0,"2":0,"3":0,"4":0,"5":0,"6":0,"7":0,"8":0,"9":0,"10":0,"11":0,"12":0,"13":0,"14":0},"f":{"0":0,"1":0},"b":{"0":[0,0],"1":[0,0]}}
,"C:\\Users\\Lagora\\dev\\test.nwnb.00\\src\\components\\atoms\\BuildingCorner.js": {"path":"C:\\Users\\Lagora\\dev\\test.nwnb.00\\src\\components\\atoms\\BuildingCorner.js","statementMap":{"0":{"start":{"line":1,"column":13},"end":{"line":1,"column":75}},"1":{"start":{"line":1,"column":75},"end":{"line":1,"column":110}},"2":{"start":{"line":1,"column":125},"end":{"line":1,"column":356}},"3":{"start":{"line":1,"column":161},"end":{"line":1,"column":341}},"4":{"start":{"line":1,"column":218},"end":{"line":1,"column":230}},"5":{"start":{"line":1,"column":231},"end":{"line":1,"column":340}},"6":{"start":{"line":1,"column":256},"end":{"line":1,"column":339}},"7":{"start":{"line":1,"column":312},"end":{"line":1,"column":338}},"8":{"start":{"line":1,"column":341},"end":{"line":1,"column":355}},"9":{"start":{"line":1,"column":370},"end":{"line":1,"column":386}},"10":{"start":{"line":1,"column":401},"end":{"line":1,"column":431}},"11":{"start":{"line":2,"column":17},"end":{"line":2,"column":38}},"12":{"start":{"line":2,"column":77},"end":{"line":2,"column":131}},"13":{"start":{"line":4,"column":21},"end":{"line":7,"column":37}},"14":{"start":{"line":4,"column":78},"end":{"line":7,"column":36}},"15":{"start":{"line":11,"column":0},"end":{"line":12,"column":53}},"16":{"start":{"line":12,"column":53},"end":{"line":15,"column":15}}},"fnMap":{"0":{"name":"(anonymous_0)","decl":{"start":{"line":1,"column":142},"end":{"line":1,"column":143}},"loc":{"start":{"line":1,"column":160},"end":{"line":1,"column":356}},"line":1},"1":{"name":"_interopRequireDefault","decl":{"start":{"line":2,"column":48},"end":{"line":2,"column":70}},"loc":{"start":{"line":2,"column":76},"end":{"line":2,"column":132}},"line":2},"2":{"name":"BuildingCorner","decl":{"start":{"line":4,"column":55},"end":{"line":4,"column":69}},"loc":{"start":{"line":4,"column":77},"end":{"line":7,"column":37}},"line":4}},"branchMap":{"0":{"loc":{"start":{"line":1,"column":125},"end":{"line":1,"column":356}},"type":"binary-expr","locations":[{"start":{"line":1,"column":125},"end":{"line":1,"column":138}},{"start":{"line":1,"column":142},"end":{"line":1,"column":356}}],"line":1},"1":{"loc":{"start":{"line":1,"column":256},"end":{"line":1,"column":339}},"type":"if","locations":[{"start":{"line":1,"column":256},"end":{"line":1,"column":339}},{"start":{"line":1,"column":256},"end":{"line":1,"column":339}}],"line":1},"2":{"loc":{"start":{"line":2,"column":84},"end":{"line":2,"column":130}},"type":"cond-expr","locations":[{"start":{"line":2,"column":108},"end":{"line":2,"column":111}},{"start":{"line":2,"column":114},"end":{"line":2,"column":130}}],"line":2},"3":{"loc":{"start":{"line":2,"column":84},"end":{"line":2,"column":105}},"type":"binary-expr","locations":[{"start":{"line":2,"column":84},"end":{"line":2,"column":87}},{"start":{"line":2,"column":91},"end":{"line":2,"column":105}}],"line":2}},"s":{"0":0,"1":0,"2":0,"3":0,"4":0,"5":0,"6":0,"7":0,"8":0,"9":0,"10":0,"11":0,"12":0,"13":0,"14":0,"15":0,"16":0},"f":{"0":0,"1":0,"2":0},"b":{"0":[0,0],"1":[0,0],"2":[0,0],"3":[0,0]}}
,"C:\\Users\\Lagora\\dev\\test.nwnb.00\\src\\components\\atoms\\BuildingFloor.js": {"path":"C:\\Users\\Lagora\\dev\\test.nwnb.00\\src\\components\\atoms\\BuildingFloor.js","statementMap":{"0":{"start":{"line":1,"column":13},"end":{"line":1,"column":75}},"1":{"start":{"line":1,"column":75},"end":{"line":1,"column":109}},"2":{"start":{"line":1,"column":122},"end":{"line":1,"column":138}},"3":{"start":{"line":1,"column":153},"end":{"line":1,"column":183}},"4":{"start":{"line":1,"column":222},"end":{"line":1,"column":276}},"5":{"start":{"line":3,"column":20},"end":{"line":5,"column":55}},"6":{"start":{"line":3,"column":75},"end":{"line":5,"column":54}},"7":{"start":{"line":5,"column":56},"end":{"line":9,"column":14}}},"fnMap":{"0":{"name":"_interopRequireDefault","decl":{"start":{"line":1,"column":193},"end":{"line":1,"column":215}},"loc":{"start":{"line":1,"column":221},"end":{"line":1,"column":277}},"line":1},"1":{"name":"BuildingFloor","decl":{"start":{"line":3,"column":53},"end":{"line":3,"column":66}},"loc":{"start":{"line":3,"column":74},"end":{"line":5,"column":55}},"line":3}},"branchMap":{"0":{"loc":{"start":{"line":1,"column":229},"end":{"line":1,"column":275}},"type":"cond-expr","locations":[{"start":{"line":1,"column":253},"end":{"line":1,"column":256}},{"start":{"line":1,"column":259},"end":{"line":1,"column":275}}],"line":1},"1":{"loc":{"start":{"line":1,"column":229},"end":{"line":1,"column":250}},"type":"binary-expr","locations":[{"start":{"line":1,"column":229},"end":{"line":1,"column":232}},{"start":{"line":1,"column":236},"end":{"line":1,"column":250}}],"line":1}},"s":{"0":0,"1":0,"2":0,"3":0,"4":0,"5":0,"6":0,"7":0},"f":{"0":0,"1":0},"b":{"0":[0,0],"1":[0,0]}}
,"C:\\Users\\Lagora\\dev\\test.nwnb.00\\src\\components\\atoms\\Camera.js": {"path":"C:\\Users\\Lagora\\dev\\test.nwnb.00\\src\\components\\atoms\\Camera.js","statementMap":{"0":{"start":{"line":1,"column":13},"end":{"line":1,"column":75}},"1":{"start":{"line":1,"column":75},"end":{"line":1,"column":102}},"2":{"start":{"line":1,"column":115},"end":{"line":1,"column":131}},"3":{"start":{"line":1,"column":146},"end":{"line":1,"column":176}},"4":{"start":{"line":2,"column":17},"end":{"line":2,"column":38}},"5":{"start":{"line":3,"column":13},"end":{"line":3,"column":35}},"6":{"start":{"line":3,"column":74},"end":{"line":3,"column":128}},"7":{"start":{"line":5,"column":13},"end":{"line":10,"column":34}},"8":{"start":{"line":6,"column":38},"end":{"line":6,"column":51}},"9":{"start":{"line":6,"column":63},"end":{"line":6,"column":76}},"10":{"start":{"line":6,"column":77},"end":{"line":10,"column":33}},"11":{"start":{"line":14,"column":0},"end":{"line":16,"column":35}},"12":{"start":{"line":19,"column":0},"end":{"line":28,"column":40}},"13":{"start":{"line":28,"column":40},"end":{"line":32,"column":7}}},"fnMap":{"0":{"name":"_interopRequireDefault","decl":{"start":{"line":3,"column":45},"end":{"line":3,"column":67}},"loc":{"start":{"line":3,"column":73},"end":{"line":3,"column":129}},"line":3},"1":{"name":"Camera","decl":{"start":{"line":6,"column":9},"end":{"line":6,"column":15}},"loc":{"start":{"line":6,"column":22},"end":{"line":10,"column":34}},"line":6}},"branchMap":{"0":{"loc":{"start":{"line":3,"column":81},"end":{"line":3,"column":127}},"type":"cond-expr","locations":[{"start":{"line":3,"column":105},"end":{"line":3,"column":108}},{"start":{"line":3,"column":111},"end":{"line":3,"column":127}}],"line":3},"1":{"loc":{"start":{"line":3,"column":81},"end":{"line":3,"column":102}},"type":"binary-expr","locations":[{"start":{"line":3,"column":81},"end":{"line":3,"column":84}},{"start":{"line":3,"column":88},"end":{"line":3,"column":102}}],"line":3}},"s":{"0":0,"1":0,"2":0,"3":0,"4":0,"5":0,"6":0,"7":0,"8":0,"9":0,"10":0,"11":0,"12":0,"13":0},"f":{"0":0,"1":0},"b":{"0":[0,0],"1":[0,0]}}
,"C:\\Users\\Lagora\\dev\\test.nwnb.00\\src\\components\\atoms\\Ground.js": {"path":"C:\\Users\\Lagora\\dev\\test.nwnb.00\\src\\components\\atoms\\Ground.js","statementMap":{"0":{"start":{"line":1,"column":13},"end":{"line":1,"column":75}},"1":{"start":{"line":1,"column":75},"end":{"line":1,"column":102}},"2":{"start":{"line":1,"column":115},"end":{"line":1,"column":131}},"3":{"start":{"line":1,"column":146},"end":{"line":1,"column":176}},"4":{"start":{"line":2,"column":17},"end":{"line":2,"column":38}},"5":{"start":{"line":3,"column":12},"end":{"line":3,"column":39}},"6":{"start":{"line":3,"column":53},"end":{"line":3,"column":82}},"7":{"start":{"line":4,"column":13},"end":{"line":4,"column":35}},"8":{"start":{"line":4,"column":74},"end":{"line":4,"column":128}},"9":{"start":{"line":6,"column":13},"end":{"line":17,"column":34}},"10":{"start":{"line":7,"column":38},"end":{"line":7,"column":51}},"11":{"start":{"line":7,"column":59},"end":{"line":7,"column":68}},"12":{"start":{"line":7,"column":69},"end":{"line":17,"column":33}},"13":{"start":{"line":22,"column":0},"end":{"line":24,"column":42}},"14":{"start":{"line":27,"column":0},"end":{"line":36,"column":44}},"15":{"start":{"line":36,"column":44},"end":{"line":40,"column":7}}},"fnMap":{"0":{"name":"_interopRequireDefault","decl":{"start":{"line":4,"column":45},"end":{"line":4,"column":67}},"loc":{"start":{"line":4,"column":73},"end":{"line":4,"column":129}},"line":4},"1":{"name":"Ground","decl":{"start":{"line":7,"column":9},"end":{"line":7,"column":15}},"loc":{"start":{"line":7,"column":22},"end":{"line":17,"column":34}},"line":7}},"branchMap":{"0":{"loc":{"start":{"line":4,"column":81},"end":{"line":4,"column":127}},"type":"cond-expr","locations":[{"start":{"line":4,"column":105},"end":{"line":4,"column":108}},{"start":{"line":4,"column":111},"end":{"line":4,"column":127}}],"line":4},"1":{"loc":{"start":{"line":4,"column":81},"end":{"line":4,"column":102}},"type":"binary-expr","locations":[{"start":{"line":4,"column":81},"end":{"line":4,"column":84}},{"start":{"line":4,"column":88},"end":{"line":4,"column":102}}],"line":4}},"s":{"0":0,"1":0,"2":0,"3":0,"4":0,"5":0,"6":0,"7":0,"8":0,"9":0,"10":0,"11":0,"12":0,"13":0,"14":0,"15":0},"f":{"0":0,"1":0},"b":{"0":[0,0],"1":[0,0]}}
,"C:\\Users\\Lagora\\dev\\test.nwnb.00\\src\\components\\atoms\\Light.js": {"path":"C:\\Users\\Lagora\\dev\\test.nwnb.00\\src\\components\\atoms\\Light.js","statementMap":{"0":{"start":{"line":1,"column":13},"end":{"line":1,"column":75}},"1":{"start":{"line":1,"column":75},"end":{"line":1,"column":101}},"2":{"start":{"line":1,"column":114},"end":{"line":1,"column":130}},"3":{"start":{"line":1,"column":145},"end":{"line":1,"column":175}},"4":{"start":{"line":1,"column":214},"end":{"line":1,"column":268}},"5":{"start":{"line":3,"column":12},"end":{"line":18,"column":35}},"6":{"start":{"line":3,"column":46},"end":{"line":18,"column":34}},"7":{"start":{"line":18,"column":36},"end":{"line":23,"column":6}}},"fnMap":{"0":{"name":"_interopRequireDefault","decl":{"start":{"line":1,"column":185},"end":{"line":1,"column":207}},"loc":{"start":{"line":1,"column":213},"end":{"line":1,"column":269}},"line":1},"1":{"name":"Light","decl":{"start":{"line":3,"column":37},"end":{"line":3,"column":42}},"loc":{"start":{"line":3,"column":45},"end":{"line":18,"column":35}},"line":3}},"branchMap":{"0":{"loc":{"start":{"line":1,"column":221},"end":{"line":1,"column":267}},"type":"cond-expr","locations":[{"start":{"line":1,"column":245},"end":{"line":1,"column":248}},{"start":{"line":1,"column":251},"end":{"line":1,"column":267}}],"line":1},"1":{"loc":{"start":{"line":1,"column":221},"end":{"line":1,"column":242}},"type":"binary-expr","locations":[{"start":{"line":1,"column":221},"end":{"line":1,"column":224}},{"start":{"line":1,"column":228},"end":{"line":1,"column":242}}],"line":1}},"s":{"0":0,"1":0,"2":0,"3":0,"4":0,"5":0,"6":0,"7":0},"f":{"0":0,"1":0},"b":{"0":[0,0],"1":[0,0]}}
,"C:\\Users\\Lagora\\dev\\test.nwnb.00\\src\\components\\atoms\\Wall.js": {"path":"C:\\Users\\Lagora\\dev\\test.nwnb.00\\src\\components\\atoms\\Wall.js","statementMap":{"0":{"start":{"line":1,"column":13},"end":{"line":1,"column":75}},"1":{"start":{"line":1,"column":75},"end":{"line":1,"column":100}},"2":{"start":{"line":1,"column":115},"end":{"line":1,"column":346}},"3":{"start":{"line":1,"column":151},"end":{"line":1,"column":331}},"4":{"start":{"line":1,"column":208},"end":{"line":1,"column":220}},"5":{"start":{"line":1,"column":221},"end":{"line":1,"column":330}},"6":{"start":{"line":1,"column":246},"end":{"line":1,"column":329}},"7":{"start":{"line":1,"column":302},"end":{"line":1,"column":328}},"8":{"start":{"line":1,"column":331},"end":{"line":1,"column":345}},"9":{"start":{"line":1,"column":360},"end":{"line":1,"column":376}},"10":{"start":{"line":1,"column":391},"end":{"line":1,"column":421}},"11":{"start":{"line":2,"column":17},"end":{"line":2,"column":38}},"12":{"start":{"line":2,"column":77},"end":{"line":2,"column":131}},"13":{"start":{"line":4,"column":11},"end":{"line":7,"column":32}},"14":{"start":{"line":4,"column":48},"end":{"line":7,"column":31}},"15":{"start":{"line":7,"column":33},"end":{"line":10,"column":5}}},"fnMap":{"0":{"name":"(anonymous_0)","decl":{"start":{"line":1,"column":132},"end":{"line":1,"column":133}},"loc":{"start":{"line":1,"column":150},"end":{"line":1,"column":346}},"line":1},"1":{"name":"_interopRequireDefault","decl":{"start":{"line":2,"column":48},"end":{"line":2,"column":70}},"loc":{"start":{"line":2,"column":76},"end":{"line":2,"column":132}},"line":2},"2":{"name":"Wall","decl":{"start":{"line":4,"column":35},"end":{"line":4,"column":39}},"loc":{"start":{"line":4,"column":47},"end":{"line":7,"column":32}},"line":4}},"branchMap":{"0":{"loc":{"start":{"line":1,"column":115},"end":{"line":1,"column":346}},"type":"binary-expr","locations":[{"start":{"line":1,"column":115},"end":{"line":1,"column":128}},{"start":{"line":1,"column":132},"end":{"line":1,"column":346}}],"line":1},"1":{"loc":{"start":{"line":1,"column":246},"end":{"line":1,"column":329}},"type":"if","locations":[{"start":{"line":1,"column":246},"end":{"line":1,"column":329}},{"start":{"line":1,"column":246},"end":{"line":1,"column":329}}],"line":1},"2":{"loc":{"start":{"line":2,"column":84},"end":{"line":2,"column":130}},"type":"cond-expr","locations":[{"start":{"line":2,"column":108},"end":{"line":2,"column":111}},{"start":{"line":2,"column":114},"end":{"line":2,"column":130}}],"line":2},"3":{"loc":{"start":{"line":2,"column":84},"end":{"line":2,"column":105}},"type":"binary-expr","locations":[{"start":{"line":2,"column":84},"end":{"line":2,"column":87}},{"start":{"line":2,"column":91},"end":{"line":2,"column":105}}],"line":2}},"s":{"0":0,"1":0,"2":0,"3":0,"4":0,"5":0,"6":0,"7":0,"8":0,"9":0,"10":0,"11":0,"12":0,"13":0,"14":0,"15":0},"f":{"0":0,"1":0,"2":0},"b":{"0":[0,0],"1":[0,0],"2":[0,0],"3":[0,0]}}
,"C:\\Users\\Lagora\\dev\\test.nwnb.00\\src\\components\\molecules\\BuildingStory.js": {"path":"C:\\Users\\Lagora\\dev\\test.nwnb.00\\src\\components\\molecules\\BuildingStory.js","statementMap":{"0":{"start":{"line":1,"column":13},"end":{"line":1,"column":75}},"1":{"start":{"line":1,"column":75},"end":{"line":1,"column":109}},"2":{"start":{"line":1,"column":122},"end":{"line":1,"column":138}},"3":{"start":{"line":1,"column":153},"end":{"line":1,"column":183}},"4":{"start":{"line":3,"column":21},"end":{"line":3,"column":54}},"5":{"start":{"line":3,"column":93},"end":{"line":3,"column":147}},"6":{"start":{"line":6,"column":20},"end":{"line":15,"column":82}},"7":{"start":{"line":6,"column":75},"end":{"line":15,"column":81}},"8":{"start":{"line":16,"column":0},"end":{"line":19,"column":14}}},"fnMap":{"0":{"name":"_interopRequireDefault","decl":{"start":{"line":3,"column":64},"end":{"line":3,"column":86}},"loc":{"start":{"line":3,"column":92},"end":{"line":3,"column":148}},"line":3},"1":{"name":"BuildingStory","decl":{"start":{"line":6,"column":53},"end":{"line":6,"column":66}},"loc":{"start":{"line":6,"column":74},"end":{"line":15,"column":82}},"line":6}},"branchMap":{"0":{"loc":{"start":{"line":3,"column":100},"end":{"line":3,"column":146}},"type":"cond-expr","locations":[{"start":{"line":3,"column":124},"end":{"line":3,"column":127}},{"start":{"line":3,"column":130},"end":{"line":3,"column":146}}],"line":3},"1":{"loc":{"start":{"line":3,"column":100},"end":{"line":3,"column":121}},"type":"binary-expr","locations":[{"start":{"line":3,"column":100},"end":{"line":3,"column":103}},{"start":{"line":3,"column":107},"end":{"line":3,"column":121}}],"line":3}},"s":{"0":0,"1":0,"2":0,"3":0,"4":0,"5":0,"6":0,"7":0,"8":0},"f":{"0":0,"1":0},"b":{"0":[0,0],"1":[0,0]}}
,"C:\\Users\\Lagora\\dev\\test.nwnb.00\\src\\components\\organisms\\Agent.js": {"path":"C:\\Users\\Lagora\\dev\\test.nwnb.00\\src\\components\\organisms\\Agent.js","statementMap":{"0":{"start":{"line":1,"column":13},"end":{"line":1,"column":75}},"1":{"start":{"line":1,"column":75},"end":{"line":1,"column":101}},"2":{"start":{"line":1,"column":114},"end":{"line":1,"column":130}},"3":{"start":{"line":1,"column":145},"end":{"line":1,"column":175}},"4":{"start":{"line":2,"column":17},"end":{"line":2,"column":38}},"5":{"start":{"line":2,"column":77},"end":{"line":2,"column":131}},"6":{"start":{"line":4,"column":12},"end":{"line":6,"column":54}},"7":{"start":{"line":4,"column":51},"end":{"line":6,"column":53}},"8":{"start":{"line":6,"column":55},"end":{"line":10,"column":6}}},"fnMap":{"0":{"name":"_interopRequireDefault","decl":{"start":{"line":2,"column":48},"end":{"line":2,"column":70}},"loc":{"start":{"line":2,"column":76},"end":{"line":2,"column":132}},"line":2},"1":{"name":"Agent","decl":{"start":{"line":4,"column":37},"end":{"line":4,"column":42}},"loc":{"start":{"line":4,"column":50},"end":{"line":6,"column":54}},"line":4}},"branchMap":{"0":{"loc":{"start":{"line":2,"column":84},"end":{"line":2,"column":130}},"type":"cond-expr","locations":[{"start":{"line":2,"column":108},"end":{"line":2,"column":111}},{"start":{"line":2,"column":114},"end":{"line":2,"column":130}}],"line":2},"1":{"loc":{"start":{"line":2,"column":84},"end":{"line":2,"column":105}},"type":"binary-expr","locations":[{"start":{"line":2,"column":84},"end":{"line":2,"column":87}},{"start":{"line":2,"column":91},"end":{"line":2,"column":105}}],"line":2}},"s":{"0":0,"1":0,"2":0,"3":0,"4":0,"5":0,"6":0,"7":0,"8":0},"f":{"0":0,"1":0},"b":{"0":[0,0],"1":[0,0]}}
,"C:\\Users\\Lagora\\dev\\test.nwnb.00\\src\\components\\organisms\\Building.js": {"path":"C:\\Users\\Lagora\\dev\\test.nwnb.00\\src\\components\\organisms\\Building.js","statementMap":{"0":{"start":{"line":1,"column":13},"end":{"line":1,"column":75}},"1":{"start":{"line":1,"column":75},"end":{"line":1,"column":104}},"2":{"start":{"line":1,"column":117},"end":{"line":1,"column":133}},"3":{"start":{"line":1,"column":148},"end":{"line":1,"column":178}},"4":{"start":{"line":3,"column":13},"end":{"line":3,"column":35}},"5":{"start":{"line":4,"column":21},"end":{"line":4,"column":58}},"6":{"start":{"line":6,"column":17},"end":{"line":6,"column":38}},"7":{"start":{"line":6,"column":77},"end":{"line":6,"column":131}},"8":{"start":{"line":8,"column":17},"end":{"line":8,"column":18}},"9":{"start":{"line":10,"column":15},"end":{"line":19,"column":122}},"10":{"start":{"line":10,"column":60},"end":{"line":19,"column":121}},"11":{"start":{"line":19,"column":42},"end":{"line":19,"column":116}},"12":{"start":{"line":23,"column":0},"end":{"line":35,"column":19}},"13":{"start":{"line":35,"column":19},"end":{"line":38,"column":9}}},"fnMap":{"0":{"name":"_interopRequireDefault","decl":{"start":{"line":6,"column":48},"end":{"line":6,"column":70}},"loc":{"start":{"line":6,"column":76},"end":{"line":6,"column":132}},"line":6},"1":{"name":"Building","decl":{"start":{"line":10,"column":43},"end":{"line":10,"column":51}},"loc":{"start":{"line":10,"column":59},"end":{"line":19,"column":122}},"line":10},"2":{"name":"(anonymous_2)","decl":{"start":{"line":19,"column":24},"end":{"line":19,"column":25}},"loc":{"start":{"line":19,"column":41},"end":{"line":19,"column":117}},"line":19}},"branchMap":{"0":{"loc":{"start":{"line":6,"column":84},"end":{"line":6,"column":130}},"type":"cond-expr","locations":[{"start":{"line":6,"column":108},"end":{"line":6,"column":111}},{"start":{"line":6,"column":114},"end":{"line":6,"column":130}}],"line":6},"1":{"loc":{"start":{"line":6,"column":84},"end":{"line":6,"column":105}},"type":"binary-expr","locations":[{"start":{"line":6,"column":84},"end":{"line":6,"column":87}},{"start":{"line":6,"column":91},"end":{"line":6,"column":105}}],"line":6}},"s":{"0":0,"1":0,"2":0,"3":0,"4":0,"5":0,"6":0,"7":0,"8":0,"9":0,"10":0,"11":0,"12":0,"13":0},"f":{"0":0,"1":0,"2":0},"b":{"0":[0,0],"1":[0,0]}}
,"C:\\Users\\Lagora\\dev\\test.nwnb.00\\src\\components\\organisms\\Level.js": {"path":"C:\\Users\\Lagora\\dev\\test.nwnb.00\\src\\components\\organisms\\Level.js","statementMap":{"0":{"start":{"line":1,"column":13},"end":{"line":1,"column":75}},"1":{"start":{"line":1,"column":75},"end":{"line":1,"column":101}},"2":{"start":{"line":1,"column":116},"end":{"line":1,"column":347}},"3":{"start":{"line":1,"column":152},"end":{"line":1,"column":332}},"4":{"start":{"line":1,"column":209},"end":{"line":1,"column":221}},"5":{"start":{"line":1,"column":222},"end":{"line":1,"column":331}},"6":{"start":{"line":1,"column":247},"end":{"line":1,"column":330}},"7":{"start":{"line":1,"column":303},"end":{"line":1,"column":329}},"8":{"start":{"line":1,"column":332},"end":{"line":1,"column":346}},"9":{"start":{"line":4,"column":13},"end":{"line":4,"column":29}},"10":{"start":{"line":4,"column":44},"end":{"line":4,"column":74}},"11":{"start":{"line":4,"column":89},"end":{"line":4,"column":115}},"12":{"start":{"line":5,"column":13},"end":{"line":5,"column":38}},"13":{"start":{"line":6,"column":17},"end":{"line":6,"column":39}},"14":{"start":{"line":7,"column":14},"end":{"line":7,"column":33}},"15":{"start":{"line":7,"column":72},"end":{"line":7,"column":126}},"16":{"start":{"line":9,"column":12},"end":{"line":27,"column":23}},"17":{"start":{"line":9,"column":51},"end":{"line":27,"column":22}},"18":{"start":{"line":15,"column":42},"end":{"line":16,"column":120}},"19":{"start":{"line":33,"column":0},"end":{"line":33,"column":21}},"20":{"start":{"line":33,"column":21},"end":{"line":36,"column":6}}},"fnMap":{"0":{"name":"(anonymous_0)","decl":{"start":{"line":1,"column":133},"end":{"line":1,"column":134}},"loc":{"start":{"line":1,"column":151},"end":{"line":1,"column":347}},"line":1},"1":{"name":"_interopRequireDefault","decl":{"start":{"line":7,"column":43},"end":{"line":7,"column":65}},"loc":{"start":{"line":7,"column":71},"end":{"line":7,"column":127}},"line":7},"2":{"name":"Level","decl":{"start":{"line":9,"column":37},"end":{"line":9,"column":42}},"loc":{"start":{"line":9,"column":50},"end":{"line":27,"column":23}},"line":9},"3":{"name":"(anonymous_3)","decl":{"start":{"line":15,"column":28},"end":{"line":15,"column":29}},"loc":{"start":{"line":15,"column":41},"end":{"line":16,"column":121}},"line":15}},"branchMap":{"0":{"loc":{"start":{"line":1,"column":116},"end":{"line":1,"column":347}},"type":"binary-expr","locations":[{"start":{"line":1,"column":116},"end":{"line":1,"column":129}},{"start":{"line":1,"column":133},"end":{"line":1,"column":347}}],"line":1},"1":{"loc":{"start":{"line":1,"column":247},"end":{"line":1,"column":330}},"type":"if","locations":[{"start":{"line":1,"column":247},"end":{"line":1,"column":330}},{"start":{"line":1,"column":247},"end":{"line":1,"column":330}}],"line":1},"2":{"loc":{"start":{"line":7,"column":79},"end":{"line":7,"column":125}},"type":"cond-expr","locations":[{"start":{"line":7,"column":103},"end":{"line":7,"column":106}},{"start":{"line":7,"column":109},"end":{"line":7,"column":125}}],"line":7},"3":{"loc":{"start":{"line":7,"column":79},"end":{"line":7,"column":100}},"type":"binary-expr","locations":[{"start":{"line":7,"column":79},"end":{"line":7,"column":82}},{"start":{"line":7,"column":86},"end":{"line":7,"column":100}}],"line":7}},"s":{"0":0,"1":0,"2":0,"3":0,"4":0,"5":0,"6":0,"7":0,"8":0,"9":0,"10":0,"11":0,"12":0,"13":0,"14":0,"15":0,"16":0,"17":0,"18":0,"19":0,"20":0},"f":{"0":0,"1":0,"2":0,"3":0},"b":{"0":[0,0],"1":[0,0],"2":[0,0],"3":[0,0]}}
,"C:\\Users\\Lagora\\dev\\test.nwnb.00\\src\\components\\organisms\\LevelArea.js": {"path":"C:\\Users\\Lagora\\dev\\test.nwnb.00\\src\\components\\organisms\\LevelArea.js","statementMap":{"0":{"start":{"line":1,"column":13},"end":{"line":1,"column":75}},"1":{"start":{"line":1,"column":75},"end":{"line":1,"column":105}},"2":{"start":{"line":1,"column":118},"end":{"line":1,"column":134}},"3":{"start":{"line":1,"column":149},"end":{"line":1,"column":179}},"4":{"start":{"line":3,"column":16},"end":{"line":3,"column":37}},"5":{"start":{"line":3,"column":76},"end":{"line":3,"column":130}},"6":{"start":{"line":5,"column":16},"end":{"line":7,"column":66}},"7":{"start":{"line":5,"column":63},"end":{"line":7,"column":65}},"8":{"start":{"line":11,"column":0},"end":{"line":11,"column":25}},"9":{"start":{"line":11,"column":25},"end":{"line":15,"column":10}}},"fnMap":{"0":{"name":"_interopRequireDefault","decl":{"start":{"line":3,"column":47},"end":{"line":3,"column":69}},"loc":{"start":{"line":3,"column":75},"end":{"line":3,"column":131}},"line":3},"1":{"name":"LevelArea","decl":{"start":{"line":5,"column":45},"end":{"line":5,"column":54}},"loc":{"start":{"line":5,"column":62},"end":{"line":7,"column":66}},"line":5}},"branchMap":{"0":{"loc":{"start":{"line":3,"column":83},"end":{"line":3,"column":129}},"type":"cond-expr","locations":[{"start":{"line":3,"column":107},"end":{"line":3,"column":110}},{"start":{"line":3,"column":113},"end":{"line":3,"column":129}}],"line":3},"1":{"loc":{"start":{"line":3,"column":83},"end":{"line":3,"column":104}},"type":"binary-expr","locations":[{"start":{"line":3,"column":83},"end":{"line":3,"column":86}},{"start":{"line":3,"column":90},"end":{"line":3,"column":104}}],"line":3}},"s":{"0":0,"1":0,"2":0,"3":0,"4":0,"5":0,"6":0,"7":0,"8":0,"9":0},"f":{"0":0,"1":0},"b":{"0":[0,0],"1":[0,0]}}
,"C:\\Users\\Lagora\\dev\\test.nwnb.00\\src\\components\\organisms\\Player.js": {"path":"C:\\Users\\Lagora\\dev\\test.nwnb.00\\src\\components\\organisms\\Player.js","statementMap":{"0":{"start":{"line":1,"column":13},"end":{"line":1,"column":75}},"1":{"start":{"line":1,"column":75},"end":{"line":1,"column":102}},"2":{"start":{"line":1,"column":117},"end":{"line":1,"column":348}},"3":{"start":{"line":1,"column":153},"end":{"line":1,"column":333}},"4":{"start":{"line":1,"column":210},"end":{"line":1,"column":222}},"5":{"start":{"line":1,"column":223},"end":{"line":1,"column":332}},"6":{"start":{"line":1,"column":248},"end":{"line":1,"column":331}},"7":{"start":{"line":1,"column":304},"end":{"line":1,"column":330}},"8":{"start":{"line":1,"column":333},"end":{"line":1,"column":347}},"9":{"start":{"line":1,"column":362},"end":{"line":1,"column":378}},"10":{"start":{"line":1,"column":393},"end":{"line":1,"column":423}},"11":{"start":{"line":2,"column":17},"end":{"line":2,"column":38}},"12":{"start":{"line":3,"column":14},"end":{"line":3,"column":40}},"13":{"start":{"line":4,"column":13},"end":{"line":4,"column":35}},"14":{"start":{"line":4,"column":74},"end":{"line":4,"column":128}},"15":{"start":{"line":6,"column":13},"end":{"line":15,"column":47}},"16":{"start":{"line":6,"column":54},"end":{"line":15,"column":46}},"17":{"start":{"line":15,"column":48},"end":{"line":20,"column":7}}},"fnMap":{"0":{"name":"(anonymous_0)","decl":{"start":{"line":1,"column":134},"end":{"line":1,"column":135}},"loc":{"start":{"line":1,"column":152},"end":{"line":1,"column":348}},"line":1},"1":{"name":"_interopRequireDefault","decl":{"start":{"line":4,"column":45},"end":{"line":4,"column":67}},"loc":{"start":{"line":4,"column":73},"end":{"line":4,"column":129}},"line":4},"2":{"name":"Player","decl":{"start":{"line":6,"column":39},"end":{"line":6,"column":45}},"loc":{"start":{"line":6,"column":53},"end":{"line":15,"column":47}},"line":6}},"branchMap":{"0":{"loc":{"start":{"line":1,"column":117},"end":{"line":1,"column":348}},"type":"binary-expr","locations":[{"start":{"line":1,"column":117},"end":{"line":1,"column":130}},{"start":{"line":1,"column":134},"end":{"line":1,"column":348}}],"line":1},"1":{"loc":{"start":{"line":1,"column":248},"end":{"line":1,"column":331}},"type":"if","locations":[{"start":{"line":1,"column":248},"end":{"line":1,"column":331}},{"start":{"line":1,"column":248},"end":{"line":1,"column":331}}],"line":1},"2":{"loc":{"start":{"line":4,"column":81},"end":{"line":4,"column":127}},"type":"cond-expr","locations":[{"start":{"line":4,"column":105},"end":{"line":4,"column":108}},{"start":{"line":4,"column":111},"end":{"line":4,"column":127}}],"line":4},"3":{"loc":{"start":{"line":4,"column":81},"end":{"line":4,"column":102}},"type":"binary-expr","locations":[{"start":{"line":4,"column":81},"end":{"line":4,"column":84}},{"start":{"line":4,"column":88},"end":{"line":4,"column":102}}],"line":4}},"s":{"0":0,"1":0,"2":0,"3":0,"4":0,"5":0,"6":0,"7":0,"8":0,"9":0,"10":0,"11":0,"12":0,"13":0,"14":0,"15":0,"16":0,"17":0},"f":{"0":0,"1":0,"2":0},"b":{"0":[0,0],"1":[0,0],"2":[0,0],"3":[0,0]}}
,"C:\\Users\\Lagora\\dev\\test.nwnb.00\\src\\components\\services\\Axes.js": {"path":"C:\\Users\\Lagora\\dev\\test.nwnb.00\\src\\components\\services\\Axes.js","statementMap":{"0":{"start":{"line":1,"column":13},"end":{"line":1,"column":75}},"1":{"start":{"line":1,"column":75},"end":{"line":1,"column":100}},"2":{"start":{"line":1,"column":115},"end":{"line":1,"column":346}},"3":{"start":{"line":1,"column":151},"end":{"line":1,"column":331}},"4":{"start":{"line":1,"column":208},"end":{"line":1,"column":220}},"5":{"start":{"line":1,"column":221},"end":{"line":1,"column":330}},"6":{"start":{"line":1,"column":246},"end":{"line":1,"column":329}},"7":{"start":{"line":1,"column":302},"end":{"line":1,"column":328}},"8":{"start":{"line":1,"column":331},"end":{"line":1,"column":345}},"9":{"start":{"line":1,"column":360},"end":{"line":1,"column":376}},"10":{"start":{"line":1,"column":391},"end":{"line":1,"column":421}},"11":{"start":{"line":2,"column":17},"end":{"line":2,"column":38}},"12":{"start":{"line":2,"column":77},"end":{"line":2,"column":131}},"13":{"start":{"line":2,"column":175},"end":{"line":2,"column":322}},"14":{"start":{"line":2,"column":192},"end":{"line":2,"column":296}},"15":{"start":{"line":2,"column":304},"end":{"line":2,"column":321}},"16":{"start":{"line":2,"column":322},"end":{"line":2,"column":333}},"17":{"start":{"line":4,"column":11},"end":{"line":45,"column":1}},"18":{"start":{"line":5,"column":17},"end":{"line":5,"column":132}},"19":{"start":{"line":5,"column":60},"end":{"line":5,"column":126}},"20":{"start":{"line":8,"column":2},"end":{"line":8,"column":16}},"21":{"start":{"line":8,"column":25},"end":{"line":8,"column":36}},"22":{"start":{"line":8,"column":46},"end":{"line":8,"column":58}},"23":{"start":{"line":8,"column":67},"end":{"line":8,"column":78}},"24":{"start":{"line":9,"column":2},"end":{"line":42,"column":52}},"25":{"start":{"line":47,"column":0},"end":{"line":53,"column":16}},"26":{"start":{"line":56,"column":0},"end":{"line":68,"column":39}},"27":{"start":{"line":68,"column":39},"end":{"line":71,"column":5}}},"fnMap":{"0":{"name":"(anonymous_0)","decl":{"start":{"line":1,"column":132},"end":{"line":1,"column":133}},"loc":{"start":{"line":1,"column":150},"end":{"line":1,"column":346}},"line":1},"1":{"name":"_interopRequireDefault","decl":{"start":{"line":2,"column":48},"end":{"line":2,"column":70}},"loc":{"start":{"line":2,"column":76},"end":{"line":2,"column":132}},"line":2},"2":{"name":"_defineProperty","decl":{"start":{"line":2,"column":141},"end":{"line":2,"column":156}},"loc":{"start":{"line":2,"column":174},"end":{"line":2,"column":334}},"line":2},"3":{"name":"Axes","decl":{"start":{"line":4,"column":35},"end":{"line":4,"column":39}},"loc":{"start":{"line":4,"column":47},"end":{"line":45,"column":1}},"line":4},"4":{"name":"(anonymous_4)","decl":{"start":{"line":5,"column":40},"end":{"line":5,"column":41}},"loc":{"start":{"line":5,"column":59},"end":{"line":5,"column":127}},"line":5}},"branchMap":{"0":{"loc":{"start":{"line":1,"column":115},"end":{"line":1,"column":346}},"type":"binary-expr","locations":[{"start":{"line":1,"column":115},"end":{"line":1,"column":128}},{"start":{"line":1,"column":132},"end":{"line":1,"column":346}}],"line":1},"1":{"loc":{"start":{"line":1,"column":246},"end":{"line":1,"column":329}},"type":"if","locations":[{"start":{"line":1,"column":246},"end":{"line":1,"column":329}},{"start":{"line":1,"column":246},"end":{"line":1,"column":329}}],"line":1},"2":{"loc":{"start":{"line":2,"column":84},"end":{"line":2,"column":130}},"type":"cond-expr","locations":[{"start":{"line":2,"column":108},"end":{"line":2,"column":111}},{"start":{"line":2,"column":114},"end":{"line":2,"column":130}}],"line":2},"3":{"loc":{"start":{"line":2,"column":84},"end":{"line":2,"column":105}},"type":"binary-expr","locations":[{"start":{"line":2,"column":84},"end":{"line":2,"column":87}},{"start":{"line":2,"column":91},"end":{"line":2,"column":105}}],"line":2},"4":{"loc":{"start":{"line":2,"column":175},"end":{"line":2,"column":322}},"type":"if","locations":[{"start":{"line":2,"column":175},"end":{"line":2,"column":322}},{"start":{"line":2,"column":175},"end":{"line":2,"column":322}}],"line":2},"5":{"loc":{"start":{"line":42,"column":6},"end":{"line":42,"column":49}},"type":"binary-expr","locations":[{"start":{"line":42,"column":6},"end":{"line":42,"column":37}},{"start":{"line":42,"column":41},"end":{"line":42,"column":49}}],"line":42}},"s":{"0":0,"1":0,"2":0,"3":0,"4":0,"5":0,"6":0,"7":0,"8":0,"9":0,"10":0,"11":0,"12":0,"13":0,"14":0,"15":0,"16":0,"17":0,"18":0,"19":0,"20":0,"21":0,"22":0,"23":0,"24":0,"25":0,"26":0,"27":0},"f":{"0":0,"1":0,"2":0,"3":0,"4":0},"b":{"0":[0,0],"1":[0,0],"2":[0,0],"3":[0,0],"4":[0,0],"5":[0,0]}}
,"C:\\Users\\Lagora\\dev\\test.nwnb.00\\src\\modules\\actions.js": {"path":"C:\\Users\\Lagora\\dev\\test.nwnb.00\\src\\modules\\actions.js","statementMap":{"0":{"start":{"line":1,"column":13},"end":{"line":1,"column":75}},"1":{"start":{"line":1,"column":75},"end":{"line":1,"column":103}},"2":{"start":{"line":1,"column":116},"end":{"line":1,"column":134}},"3":{"start":{"line":2,"column":13},"end":{"line":2,"column":31}},"4":{"start":{"line":4,"column":14},"end":{"line":6,"column":25}},"5":{"start":{"line":6,"column":26},"end":{"line":9,"column":8}}},"fnMap":{},"branchMap":{},"s":{"0":0,"1":0,"2":0,"3":0,"4":0,"5":0},"f":{},"b":{}}
,"C:\\Users\\Lagora\\dev\\test.nwnb.00\\src\\modules\\level.js": {"path":"C:\\Users\\Lagora\\dev\\test.nwnb.00\\src\\modules\\level.js","statementMap":{"0":{"start":{"line":1,"column":13},"end":{"line":1,"column":75}},"1":{"start":{"line":1,"column":75},"end":{"line":1,"column":380}},"2":{"start":{"line":1,"column":395},"end":{"line":1,"column":626}},"3":{"start":{"line":1,"column":431},"end":{"line":1,"column":611}},"4":{"start":{"line":1,"column":488},"end":{"line":1,"column":500}},"5":{"start":{"line":1,"column":501},"end":{"line":1,"column":610}},"6":{"start":{"line":1,"column":526},"end":{"line":1,"column":609}},"7":{"start":{"line":1,"column":582},"end":{"line":1,"column":608}},"8":{"start":{"line":1,"column":611},"end":{"line":1,"column":625}},"9":{"start":{"line":1,"column":639},"end":{"line":1,"column":654}},"10":{"start":{"line":2,"column":15},"end":{"line":2,"column":35}},"11":{"start":{"line":3,"column":13},"end":{"line":3,"column":32}},"12":{"start":{"line":3,"column":76},"end":{"line":3,"column":223}},"13":{"start":{"line":3,"column":93},"end":{"line":3,"column":197}},"14":{"start":{"line":3,"column":205},"end":{"line":3,"column":222}},"15":{"start":{"line":3,"column":223},"end":{"line":3,"column":234}},"16":{"start":{"line":5,"column":15},"end":{"line":5,"column":17}},"17":{"start":{"line":6,"column":18},"end":{"line":6,"column":19}},"18":{"start":{"line":7,"column":19},"end":{"line":7,"column":55}},"19":{"start":{"line":9,"column":19},"end":{"line":12,"column":12}},"20":{"start":{"line":15,"column":18},"end":{"line":15,"column":35}},"21":{"start":{"line":17,"column":12},"end":{"line":18,"column":28}},"22":{"start":{"line":21,"column":19},"end":{"line":29,"column":17}},"23":{"start":{"line":21,"column":72},"end":{"line":29,"column":16}},"24":{"start":{"line":32,"column":14},"end":{"line":32,"column":125}},"25":{"start":{"line":32,"column":56},"end":{"line":32,"column":124}},"26":{"start":{"line":34,"column":12},"end":{"line":34,"column":136}},"27":{"start":{"line":34,"column":47},"end":{"line":34,"column":135}},"28":{"start":{"line":34,"column":68},"end":{"line":34,"column":133}},"29":{"start":{"line":34,"column":98},"end":{"line":34,"column":130}},"30":{"start":{"line":36,"column":13},"end":{"line":36,"column":93}},"31":{"start":{"line":36,"column":53},"end":{"line":36,"column":92}},"32":{"start":{"line":36,"column":74},"end":{"line":36,"column":90}},"33":{"start":{"line":38,"column":22},"end":{"line":38,"column":187}},"34":{"start":{"line":38,"column":93},"end":{"line":38,"column":104}},"35":{"start":{"line":38,"column":105},"end":{"line":38,"column":186}},"36":{"start":{"line":38,"column":139},"end":{"line":38,"column":184}},"37":{"start":{"line":43,"column":24},"end":{"line":54,"column":1}},"38":{"start":{"line":43,"column":96},"end":{"line":43,"column":104}},"39":{"start":{"line":43,"column":116},"end":{"line":43,"column":130}},"40":{"start":{"line":43,"column":138},"end":{"line":43,"column":148}},"41":{"start":{"line":44,"column":10},"end":{"line":44,"column":75}},"42":{"start":{"line":45,"column":22},"end":{"line":47,"column":38}},"43":{"start":{"line":49,"column":12},"end":{"line":49,"column":64}},"44":{"start":{"line":50,"column":17},"end":{"line":50,"column":29}},"45":{"start":{"line":51,"column":2},"end":{"line":52,"column":102}},"46":{"start":{"line":56,"column":26},"end":{"line":69,"column":9}},"47":{"start":{"line":56,"column":102},"end":{"line":56,"column":110}},"48":{"start":{"line":56,"column":122},"end":{"line":56,"column":136}},"49":{"start":{"line":56,"column":144},"end":{"line":56,"column":154}},"50":{"start":{"line":56,"column":155},"end":{"line":69,"column":8}},"51":{"start":{"line":58,"column":14},"end":{"line":58,"column":57}},"52":{"start":{"line":59,"column":26},"end":{"line":61,"column":72}},"53":{"start":{"line":63,"column":16},"end":{"line":63,"column":34}},"54":{"start":{"line":65,"column":18},"end":{"line":65,"column":82}},"55":{"start":{"line":66,"column":6},"end":{"line":67,"column":100}},"56":{"start":{"line":71,"column":19},"end":{"line":82,"column":13}},"57":{"start":{"line":71,"column":67},"end":{"line":82,"column":12}},"58":{"start":{"line":71,"column":101},"end":{"line":82,"column":10}},"59":{"start":{"line":71,"column":128},"end":{"line":82,"column":8}},"60":{"start":{"line":72,"column":23},"end":{"line":75,"column":47}},"61":{"start":{"line":77,"column":17},"end":{"line":77,"column":32}},"62":{"start":{"line":78,"column":22},"end":{"line":78,"column":85}},"63":{"start":{"line":79,"column":8},"end":{"line":80,"column":79}},"64":{"start":{"line":84,"column":17},"end":{"line":96,"column":5}},"65":{"start":{"line":84,"column":73},"end":{"line":84,"column":152}},"66":{"start":{"line":84,"column":160},"end":{"line":84,"column":170}},"67":{"start":{"line":84,"column":178},"end":{"line":84,"column":188}},"68":{"start":{"line":84,"column":189},"end":{"line":96,"column":4}},"69":{"start":{"line":85,"column":16},"end":{"line":85,"column":18}},"70":{"start":{"line":86,"column":4},"end":{"line":91,"column":5}},"71":{"start":{"line":87,"column":6},"end":{"line":90,"column":7}},"72":{"start":{"line":88,"column":16},"end":{"line":88,"column":33}},"73":{"start":{"line":89,"column":8},"end":{"line":89,"column":75}},"74":{"start":{"line":92,"column":4},"end":{"line":94,"column":59}},"75":{"start":{"line":98,"column":14},"end":{"line":99,"column":26}},"76":{"start":{"line":102,"column":14},"end":{"line":107,"column":35}},"77":{"start":{"line":103,"column":39},"end":{"line":107,"column":33}},"78":{"start":{"line":111,"column":14},"end":{"line":111,"column":79}},"79":{"start":{"line":111,"column":80},"end":{"line":113,"column":8}}},"fnMap":{"0":{"name":"(anonymous_0)","decl":{"start":{"line":1,"column":412},"end":{"line":1,"column":413}},"loc":{"start":{"line":1,"column":430},"end":{"line":1,"column":626}},"line":1},"1":{"name":"_defineProperty","decl":{"start":{"line":3,"column":42},"end":{"line":3,"column":57}},"loc":{"start":{"line":3,"column":75},"end":{"line":3,"column":235}},"line":3},"2":{"name":"getLevelArea","decl":{"start":{"line":21,"column":51},"end":{"line":21,"column":63}},"loc":{"start":{"line":21,"column":71},"end":{"line":29,"column":17}},"line":21},"3":{"name":"getSize","decl":{"start":{"line":32,"column":41},"end":{"line":32,"column":48}},"loc":{"start":{"line":32,"column":55},"end":{"line":32,"column":125}},"line":32},"4":{"name":"cross","decl":{"start":{"line":34,"column":37},"end":{"line":34,"column":42}},"loc":{"start":{"line":34,"column":46},"end":{"line":34,"column":136}},"line":34},"5":{"name":"(anonymous_5)","decl":{"start":{"line":34,"column":54},"end":{"line":34,"column":55}},"loc":{"start":{"line":34,"column":67},"end":{"line":34,"column":134}},"line":34},"6":{"name":"(anonymous_6)","decl":{"start":{"line":34,"column":81},"end":{"line":34,"column":82}},"loc":{"start":{"line":34,"column":97},"end":{"line":34,"column":131}},"line":34},"7":{"name":"expand","decl":{"start":{"line":36,"column":39},"end":{"line":36,"column":45}},"loc":{"start":{"line":36,"column":52},"end":{"line":36,"column":93}},"line":36},"8":{"name":"(anonymous_8)","decl":{"start":{"line":36,"column":60},"end":{"line":36,"column":61}},"loc":{"start":{"line":36,"column":73},"end":{"line":36,"column":91}},"line":36},"9":{"name":"getStoriesCount","decl":{"start":{"line":38,"column":57},"end":{"line":38,"column":72}},"loc":{"start":{"line":38,"column":79},"end":{"line":38,"column":187}},"line":38},"10":{"name":"(anonymous_10)","decl":{"start":{"line":38,"column":112},"end":{"line":38,"column":113}},"loc":{"start":{"line":38,"column":138},"end":{"line":38,"column":185}},"line":38},"11":{"name":"makeBuildingFloor","decl":{"start":{"line":43,"column":61},"end":{"line":43,"column":78}},"loc":{"start":{"line":43,"column":86},"end":{"line":54,"column":1}},"line":43},"12":{"name":"makeBuildingStories","decl":{"start":{"line":56,"column":65},"end":{"line":56,"column":84}},"loc":{"start":{"line":56,"column":92},"end":{"line":69,"column":9}},"line":56},"13":{"name":"(anonymous_13)","decl":{"start":{"line":57,"column":67},"end":{"line":57,"column":68}},"loc":{"start":{"line":57,"column":87},"end":{"line":69,"column":5}},"line":57},"14":{"name":"makeBuilding","decl":{"start":{"line":71,"column":51},"end":{"line":71,"column":63}},"loc":{"start":{"line":71,"column":66},"end":{"line":82,"column":13}},"line":71},"15":{"name":"(anonymous_15)","decl":{"start":{"line":71,"column":74},"end":{"line":71,"column":75}},"loc":{"start":{"line":71,"column":100},"end":{"line":82,"column":11}},"line":71},"16":{"name":"(anonymous_16)","decl":{"start":{"line":71,"column":108},"end":{"line":71,"column":109}},"loc":{"start":{"line":71,"column":127},"end":{"line":82,"column":9}},"line":71},"17":{"name":"(anonymous_17)","decl":{"start":{"line":71,"column":135},"end":{"line":71,"column":136}},"loc":{"start":{"line":71,"column":166},"end":{"line":82,"column":7}},"line":71},"18":{"name":"resetLevel","decl":{"start":{"line":84,"column":47},"end":{"line":84,"column":57}},"loc":{"start":{"line":84,"column":60},"end":{"line":96,"column":5}},"line":84},"19":{"name":"(anonymous_19)","decl":{"start":{"line":84,"column":196},"end":{"line":84,"column":197}},"loc":{"start":{"line":84,"column":216},"end":{"line":96,"column":3}},"line":84},"20":{"name":"(anonymous_20)","decl":{"start":{"line":103,"column":13},"end":{"line":103,"column":14}},"loc":{"start":{"line":103,"column":38},"end":{"line":107,"column":34}},"line":103}},"branchMap":{"0":{"loc":{"start":{"line":1,"column":395},"end":{"line":1,"column":626}},"type":"binary-expr","locations":[{"start":{"line":1,"column":395},"end":{"line":1,"column":408}},{"start":{"line":1,"column":412},"end":{"line":1,"column":626}}],"line":1},"1":{"loc":{"start":{"line":1,"column":526},"end":{"line":1,"column":609}},"type":"if","locations":[{"start":{"line":1,"column":526},"end":{"line":1,"column":609}},{"start":{"line":1,"column":526},"end":{"line":1,"column":609}}],"line":1},"2":{"loc":{"start":{"line":3,"column":76},"end":{"line":3,"column":223}},"type":"if","locations":[{"start":{"line":3,"column":76},"end":{"line":3,"column":223}},{"start":{"line":3,"column":76},"end":{"line":3,"column":223}}],"line":3},"3":{"loc":{"start":{"line":84,"column":73},"end":{"line":84,"column":152}},"type":"cond-expr","locations":[{"start":{"line":84,"column":126},"end":{"line":84,"column":138}},{"start":{"line":84,"column":141},"end":{"line":84,"column":152}}],"line":84},"4":{"loc":{"start":{"line":84,"column":73},"end":{"line":84,"column":123}},"type":"binary-expr","locations":[{"start":{"line":84,"column":73},"end":{"line":84,"column":93}},{"start":{"line":84,"column":97},"end":{"line":84,"column":123}}],"line":84}},"s":{"0":0,"1":0,"2":0,"3":0,"4":0,"5":0,"6":0,"7":0,"8":0,"9":0,"10":0,"11":0,"12":0,"13":0,"14":0,"15":0,"16":0,"17":0,"18":0,"19":0,"20":0,"21":0,"22":0,"23":0,"24":0,"25":0,"26":0,"27":0,"28":0,"29":0,"30":0,"31":0,"32":0,"33":0,"34":0,"35":0,"36":0,"37":0,"38":0,"39":0,"40":0,"41":0,"42":0,"43":0,"44":0,"45":0,"46":0,"47":0,"48":0,"49":0,"50":0,"51":0,"52":0,"53":0,"54":0,"55":0,"56":0,"57":0,"58":0,"59":0,"60":0,"61":0,"62":0,"63":0,"64":0,"65":0,"66":0,"67":0,"68":0,"69":0,"70":0,"71":0,"72":0,"73":0,"74":0,"75":0,"76":0,"77":0,"78":0,"79":0},"f":{"0":0,"1":0,"2":0,"3":0,"4":0,"5":0,"6":0,"7":0,"8":0,"9":0,"10":0,"11":0,"12":0,"13":0,"14":0,"15":0,"16":0,"17":0,"18":0,"19":0,"20":0},"b":{"0":[0,0],"1":[0,0],"2":[0,0],"3":[0,0],"4":[0,0]}}
,"C:\\Users\\Lagora\\dev\\test.nwnb.00\\src\\modules\\reducer.js": {"path":"C:\\Users\\Lagora\\dev\\test.nwnb.00\\src\\modules\\reducer.js","statementMap":{"0":{"start":{"line":1,"column":13},"end":{"line":1,"column":75}},"1":{"start":{"line":1,"column":75},"end":{"line":1,"column":107}},"2":{"start":{"line":1,"column":120},"end":{"line":1,"column":136}},"3":{"start":{"line":2,"column":13},"end":{"line":2,"column":31}},"4":{"start":{"line":3,"column":13},"end":{"line":3,"column":31}},"5":{"start":{"line":5,"column":18},"end":{"line":8,"column":26}},"6":{"start":{"line":6,"column":27},"end":{"line":6,"column":65}},"7":{"start":{"line":8,"column":27},"end":{"line":11,"column":12}}},"fnMap":{"0":{"name":"debug","decl":{"start":{"line":6,"column":18},"end":{"line":6,"column":23}},"loc":{"start":{"line":6,"column":26},"end":{"line":6,"column":66}},"line":6}},"branchMap":{},"s":{"0":0,"1":0,"2":0,"3":0,"4":0,"5":0,"6":0,"7":0},"f":{"0":0},"b":{}}
,"C:\\Users\\Lagora\\dev\\test.nwnb.00\\src\\modules\\store.js": {"path":"C:\\Users\\Lagora\\dev\\test.nwnb.00\\src\\modules\\store.js","statementMap":{"0":{"start":{"line":1,"column":13},"end":{"line":1,"column":75}},"1":{"start":{"line":1,"column":75},"end":{"line":1,"column":101}},"2":{"start":{"line":1,"column":114},"end":{"line":1,"column":130}},"3":{"start":{"line":2,"column":19},"end":{"line":2,"column":42}},"4":{"start":{"line":3,"column":18},"end":{"line":3,"column":40}},"5":{"start":{"line":3,"column":60},"end":{"line":3,"column":95}},"6":{"start":{"line":5,"column":15},"end":{"line":5,"column":35}},"7":{"start":{"line":5,"column":74},"end":{"line":5,"column":128}},"8":{"start":{"line":7,"column":12},"end":{"line":10,"column":71}},"9":{"start":{"line":11,"column":0},"end":{"line":16,"column":6}}},"fnMap":{"0":{"name":"_interopRequireDefault","decl":{"start":{"line":5,"column":45},"end":{"line":5,"column":67}},"loc":{"start":{"line":5,"column":73},"end":{"line":5,"column":129}},"line":5}},"branchMap":{"0":{"loc":{"start":{"line":5,"column":81},"end":{"line":5,"column":127}},"type":"cond-expr","locations":[{"start":{"line":5,"column":105},"end":{"line":5,"column":108}},{"start":{"line":5,"column":111},"end":{"line":5,"column":127}}],"line":5},"1":{"loc":{"start":{"line":5,"column":81},"end":{"line":5,"column":102}},"type":"binary-expr","locations":[{"start":{"line":5,"column":81},"end":{"line":5,"column":84}},{"start":{"line":5,"column":88},"end":{"line":5,"column":102}}],"line":5}},"s":{"0":0,"1":0,"2":0,"3":0,"4":0,"5":0,"6":0,"7":0,"8":0,"9":0},"f":{"0":0},"b":{"0":[0,0],"1":[0,0]}}
,"C:\\Users\\Lagora\\dev\\test.nwnb.00\\src\\modules\\world.js": {"path":"C:\\Users\\Lagora\\dev\\test.nwnb.00\\src\\modules\\world.js","statementMap":{"0":{"start":{"line":1,"column":13},"end":{"line":1,"column":75}},"1":{"start":{"line":1,"column":75},"end":{"line":1,"column":178}},"2":{"start":{"line":1,"column":191},"end":{"line":1,"column":210}},"3":{"start":{"line":3,"column":19},"end":{"line":3,"column":44}},"4":{"start":{"line":7,"column":12},"end":{"line":7,"column":30}},"5":{"start":{"line":11,"column":14},"end":{"line":11,"column":34}},"6":{"start":{"line":15,"column":14},"end":{"line":15,"column":34}},"7":{"start":{"line":19,"column":14},"end":{"line":19,"column":79}},"8":{"start":{"line":19,"column":80},"end":{"line":21,"column":8}}},"fnMap":{},"branchMap":{},"s":{"0":0,"1":0,"2":0,"3":0,"4":0,"5":0,"6":0,"7":0,"8":0},"f":{},"b":{}}
}
