TN:
SF:C:\Users\Lagora\dev\test.nwnb.00\src\index.js
FN:8,_interopRequireDefault
FN:12,run
FN:12,(anonymous_2)
FNF:3
FNH:0
FNDA:0,_interopRequireDefault
FNDA:0,run
FNDA:0,(anonymous_2)
DA:1,0
DA:2,0
DA:3,0
DA:4,0
DA:5,0
DA:6,0
DA:7,0
DA:8,0
DA:10,0
DA:12,0
DA:20,0
DA:22,0
LF:12
LH:0
BRDA:8,0,0,0
BRDA:8,0,1,0
BRDA:8,1,0,0
BRDA:8,1,1,0
BRF:4
BRH:0
end_of_record
TN:
SF:C:\Users\Lagora\dev\test.nwnb.00\src\utils.js
FN:1,(anonymous_0)
FN:1,(anonymous_1)
FN:1,(anonymous_2)
FN:4,(anonymous_3)
FN:9,(anonymous_4)
FN:9,(anonymous_5)
FN:12,(anonymous_6)
FN:12,(anonymous_7)
FN:12,(anonymous_8)
FN:13,(anonymous_9)
FN:15,(anonymous_10)
FN:15,(anonymous_11)
FN:18,(anonymous_12)
FNF:13
FNH:1
FNDA:0,(anonymous_0)
FNDA:0,(anonymous_1)
FNDA:0,(anonymous_2)
FNDA:0,(anonymous_3)
FNDA:0,(anonymous_4)
FNDA:0,(anonymous_5)
FNDA:0,(anonymous_6)
FNDA:0,(anonymous_7)
FNDA:0,(anonymous_8)
FNDA:0,(anonymous_9)
FNDA:0,(anonymous_10)
FNDA:0,(anonymous_11)
FNDA:1,(anonymous_12)
DA:1,1
DA:2,0
DA:4,0
DA:9,1
DA:10,0
DA:12,1
DA:13,0
DA:15,1
DA:16,0
DA:18,1
DA:19,1
LF:11
LH:6
BRDA:12,0,0,0
BRDA:12,1,0,0
BRDA:13,2,0,0
BRDA:13,2,1,0
BRDA:15,3,0,0
BRDA:16,4,0,0
BRDA:16,4,1,0
BRDA:16,5,0,0
BRDA:16,5,1,0
BRF:9
BRH:0
end_of_record
TN:
SF:C:\Users\Lagora\dev\test.nwnb.00\src\components\App.js
FN:10,_interopRequireDefault
FN:12,App
FN:25,(anonymous_2)
FNF:3
FNH:0
FNDA:0,_interopRequireDefault
FNDA:0,App
FNDA:0,(anonymous_2)
DA:1,0
DA:2,0
DA:3,0
DA:4,0
DA:5,0
DA:7,0
DA:8,0
DA:9,0
DA:10,0
DA:12,0
DA:13,0
DA:14,0
DA:15,0
DA:16,0
DA:17,0
DA:19,0
DA:22,0
DA:25,0
LF:18
LH:0
BRDA:10,0,0,0
BRDA:10,0,1,0
BRDA:10,1,0,0
BRDA:10,1,1,0
BRDA:13,2,0,0
BRDA:13,2,1,0
BRF:6
BRH:0
end_of_record
TN:
SF:C:\Users\Lagora\dev\test.nwnb.00\src\components\atoms\Box.js
FN:3,_interopRequireDefault
FN:6,Box
FNF:2
FNH:0
FNDA:0,_interopRequireDefault
FNDA:0,Box
DA:1,0
DA:2,0
DA:3,0
DA:5,0
DA:6,0
DA:24,0
DA:29,0
DA:44,0
LF:8
LH:0
BRDA:3,0,0,0
BRDA:3,0,1,0
BRDA:3,1,0,0
BRDA:3,1,1,0
BRF:4
BRH:0
end_of_record
TN:
SF:C:\Users\Lagora\dev\test.nwnb.00\src\components\atoms\BuildingCorner.js
FN:1,(anonymous_0)
FN:2,_interopRequireDefault
FN:4,BuildingCorner
FNF:3
FNH:0
FNDA:0,(anonymous_0)
FNDA:0,_interopRequireDefault
FNDA:0,BuildingCorner
DA:1,0
DA:2,0
DA:4,0
DA:11,0
DA:12,0
LF:5
LH:0
BRDA:1,0,0,0
BRDA:1,0,1,0
BRDA:1,1,0,0
BRDA:1,1,1,0
BRDA:2,2,0,0
BRDA:2,2,1,0
BRDA:2,3,0,0
BRDA:2,3,1,0
BRF:8
BRH:0
end_of_record
TN:
SF:C:\Users\Lagora\dev\test.nwnb.00\src\components\atoms\BuildingFloor.js
FN:1,_interopRequireDefault
FN:3,BuildingFloor
FNF:2
FNH:0
FNDA:0,_interopRequireDefault
FNDA:0,BuildingFloor
DA:1,0
DA:3,0
DA:5,0
LF:3
LH:0
BRDA:1,0,0,0
BRDA:1,0,1,0
BRDA:1,1,0,0
BRDA:1,1,1,0
BRF:4
BRH:0
end_of_record
TN:
SF:C:\Users\Lagora\dev\test.nwnb.00\src\components\atoms\Camera.js
FN:3,_interopRequireDefault
FN:6,Camera
FNF:2
FNH:0
FNDA:0,_interopRequireDefault
FNDA:0,Camera
DA:1,0
DA:2,0
DA:3,0
DA:5,0
DA:6,0
DA:14,0
DA:19,0
DA:28,0
LF:8
LH:0
BRDA:3,0,0,0
BRDA:3,0,1,0
BRDA:3,1,0,0
BRDA:3,1,1,0
BRF:4
BRH:0
end_of_record
TN:
SF:C:\Users\Lagora\dev\test.nwnb.00\src\components\atoms\Ground.js
FN:4,_interopRequireDefault
FN:7,Ground
FNF:2
FNH:0
FNDA:0,_interopRequireDefault
FNDA:0,Ground
DA:1,0
DA:2,0
DA:3,0
DA:4,0
DA:6,0
DA:7,0
DA:22,0
DA:27,0
DA:36,0
LF:9
LH:0
BRDA:4,0,0,0
BRDA:4,0,1,0
BRDA:4,1,0,0
BRDA:4,1,1,0
BRF:4
BRH:0
end_of_record
TN:
SF:C:\Users\Lagora\dev\test.nwnb.00\src\components\atoms\Light.js
FN:1,_interopRequireDefault
FN:3,Light
FNF:2
FNH:0
FNDA:0,_interopRequireDefault
FNDA:0,Light
DA:1,0
DA:3,0
DA:18,0
LF:3
LH:0
BRDA:1,0,0,0
BRDA:1,0,1,0
BRDA:1,1,0,0
BRDA:1,1,1,0
BRF:4
BRH:0
end_of_record
TN:
SF:C:\Users\Lagora\dev\test.nwnb.00\src\components\atoms\Wall.js
FN:1,(anonymous_0)
FN:2,_interopRequireDefault
FN:4,Wall
FNF:3
FNH:0
FNDA:0,(anonymous_0)
FNDA:0,_interopRequireDefault
FNDA:0,Wall
DA:1,0
DA:2,0
DA:4,0
DA:7,0
LF:4
LH:0
BRDA:1,0,0,0
BRDA:1,0,1,0
BRDA:1,1,0,0
BRDA:1,1,1,0
BRDA:2,2,0,0
BRDA:2,2,1,0
BRDA:2,3,0,0
BRDA:2,3,1,0
BRF:8
BRH:0
end_of_record
TN:
SF:C:\Users\Lagora\dev\test.nwnb.00\src\components\molecules\BuildingStory.js
FN:3,_interopRequireDefault
FN:6,BuildingStory
FNF:2
FNH:0
FNDA:0,_interopRequireDefault
FNDA:0,BuildingStory
DA:1,0
DA:3,0
DA:6,0
DA:16,0
LF:4
LH:0
BRDA:3,0,0,0
BRDA:3,0,1,0
BRDA:3,1,0,0
BRDA:3,1,1,0
BRF:4
BRH:0
end_of_record
TN:
SF:C:\Users\Lagora\dev\test.nwnb.00\src\components\organisms\Agent.js
FN:2,_interopRequireDefault
FN:4,Agent
FNF:2
FNH:0
FNDA:0,_interopRequireDefault
FNDA:0,Agent
DA:1,0
DA:2,0
DA:4,0
DA:6,0
LF:4
LH:0
BRDA:2,0,0,0
BRDA:2,0,1,0
BRDA:2,1,0,0
BRDA:2,1,1,0
BRF:4
BRH:0
end_of_record
TN:
SF:C:\Users\Lagora\dev\test.nwnb.00\src\components\organisms\Building.js
FN:6,_interopRequireDefault
FN:10,Building
FN:19,(anonymous_2)
FNF:3
FNH:0
FNDA:0,_interopRequireDefault
FNDA:0,Building
FNDA:0,(anonymous_2)
DA:1,0
DA:3,0
DA:4,0
DA:6,0
DA:8,0
DA:10,0
DA:19,0
DA:23,0
DA:35,0
LF:9
LH:0
BRDA:6,0,0,0
BRDA:6,0,1,0
BRDA:6,1,0,0
BRDA:6,1,1,0
BRF:4
BRH:0
end_of_record
TN:
SF:C:\Users\Lagora\dev\test.nwnb.00\src\components\organisms\Level.js
FN:1,(anonymous_0)
FN:7,_interopRequireDefault
FN:9,Level
FN:15,(anonymous_3)
FNF:4
FNH:0
FNDA:0,(anonymous_0)
FNDA:0,_interopRequireDefault
FNDA:0,Level
FNDA:0,(anonymous_3)
DA:1,0
DA:4,0
DA:5,0
DA:6,0
DA:7,0
DA:9,0
DA:15,0
DA:33,0
LF:8
LH:0
BRDA:1,0,0,0
BRDA:1,0,1,0
BRDA:1,1,0,0
BRDA:1,1,1,0
BRDA:7,2,0,0
BRDA:7,2,1,0
BRDA:7,3,0,0
BRDA:7,3,1,0
BRF:8
BRH:0
end_of_record
TN:
SF:C:\Users\Lagora\dev\test.nwnb.00\src\components\organisms\LevelArea.js
FN:3,_interopRequireDefault
FN:5,LevelArea
FNF:2
FNH:0
FNDA:0,_interopRequireDefault
FNDA:0,LevelArea
DA:1,0
DA:3,0
DA:5,0
DA:11,0
LF:4
LH:0
BRDA:3,0,0,0
BRDA:3,0,1,0
BRDA:3,1,0,0
BRDA:3,1,1,0
BRF:4
BRH:0
end_of_record
TN:
SF:C:\Users\Lagora\dev\test.nwnb.00\src\components\organisms\Player.js
FN:1,(anonymous_0)
FN:4,_interopRequireDefault
FN:6,Player
FNF:3
FNH:0
FNDA:0,(anonymous_0)
FNDA:0,_interopRequireDefault
FNDA:0,Player
DA:1,0
DA:2,0
DA:3,0
DA:4,0
DA:6,0
DA:15,0
LF:6
LH:0
BRDA:1,0,0,0
BRDA:1,0,1,0
BRDA:1,1,0,0
BRDA:1,1,1,0
BRDA:4,2,0,0
BRDA:4,2,1,0
BRDA:4,3,0,0
BRDA:4,3,1,0
BRF:8
BRH:0
end_of_record
TN:
SF:C:\Users\Lagora\dev\test.nwnb.00\src\components\services\Axes.js
FN:1,(anonymous_0)
FN:2,_interopRequireDefault
FN:2,_defineProperty
FN:4,Axes
FN:5,(anonymous_4)
FNF:5
FNH:0
FNDA:0,(anonymous_0)
FNDA:0,_interopRequireDefault
FNDA:0,_defineProperty
FNDA:0,Axes
FNDA:0,(anonymous_4)
DA:1,0
DA:2,0
DA:4,0
DA:5,0
DA:8,0
DA:9,0
DA:47,0
DA:56,0
DA:68,0
LF:9
LH:0
BRDA:1,0,0,0
BRDA:1,0,1,0
BRDA:1,1,0,0
BRDA:1,1,1,0
BRDA:2,2,0,0
BRDA:2,2,1,0
BRDA:2,3,0,0
BRDA:2,3,1,0
BRDA:2,4,0,0
BRDA:2,4,1,0
BRDA:42,5,0,0
BRDA:42,5,1,0
BRF:12
BRH:0
end_of_record
TN:
SF:C:\Users\Lagora\dev\test.nwnb.00\src\modules\actions.js
FNF:0
FNH:0
DA:1,0
DA:2,0
DA:4,0
DA:6,0
LF:4
LH:0
BRF:0
BRH:0
end_of_record
TN:
SF:C:\Users\Lagora\dev\test.nwnb.00\src\modules\level.js
FN:1,(anonymous_0)
FN:3,_defineProperty
FN:21,getLevelArea
FN:32,getSize
FN:34,cross
FN:34,(anonymous_5)
FN:34,(anonymous_6)
FN:36,expand
FN:36,(anonymous_8)
FN:38,getStoriesCount
FN:38,(anonymous_10)
FN:43,makeBuildingFloor
FN:56,makeBuildingStories
FN:57,(anonymous_13)
FN:71,makeBuilding
FN:71,(anonymous_15)
FN:71,(anonymous_16)
FN:71,(anonymous_17)
FN:84,resetLevel
FN:84,(anonymous_19)
FN:103,(anonymous_20)
FNF:21
FNH:0
FNDA:0,(anonymous_0)
FNDA:0,_defineProperty
FNDA:0,getLevelArea
FNDA:0,getSize
FNDA:0,cross
FNDA:0,(anonymous_5)
FNDA:0,(anonymous_6)
FNDA:0,expand
FNDA:0,(anonymous_8)
FNDA:0,getStoriesCount
FNDA:0,(anonymous_10)
FNDA:0,makeBuildingFloor
FNDA:0,makeBuildingStories
FNDA:0,(anonymous_13)
FNDA:0,makeBuilding
FNDA:0,(anonymous_15)
FNDA:0,(anonymous_16)
FNDA:0,(anonymous_17)
FNDA:0,resetLevel
FNDA:0,(anonymous_19)
FNDA:0,(anonymous_20)
DA:1,0
DA:2,0
DA:3,0
DA:5,0
DA:6,0
DA:7,0
DA:9,0
DA:15,0
DA:17,0
DA:21,0
DA:32,0
DA:34,0
DA:36,0
DA:38,0
DA:43,0
DA:44,0
DA:45,0
DA:49,0
DA:50,0
DA:51,0
DA:56,0
DA:58,0
DA:59,0
DA:63,0
DA:65,0
DA:66,0
DA:71,0
DA:72,0
DA:77,0
DA:78,0
DA:79,0
DA:84,0
DA:85,0
DA:86,0
DA:87,0
DA:88,0
DA:89,0
DA:92,0
DA:98,0
DA:102,0
DA:103,0
DA:111,0
LF:42
LH:0
BRDA:1,0,0,0
BRDA:1,0,1,0
BRDA:1,1,0,0
BRDA:1,1,1,0
BRDA:3,2,0,0
BRDA:3,2,1,0
BRDA:84,3,0,0
BRDA:84,3,1,0
BRDA:84,4,0,0
BRDA:84,4,1,0
BRF:10
BRH:0
end_of_record
TN:
SF:C:\Users\Lagora\dev\test.nwnb.00\src\modules\reducer.js
FN:6,debug
FNF:1
FNH:0
FNDA:0,debug
DA:1,0
DA:2,0
DA:3,0
DA:5,0
DA:6,0
DA:8,0
LF:6
LH:0
BRF:0
BRH:0
end_of_record
TN:
SF:C:\Users\Lagora\dev\test.nwnb.00\src\modules\store.js
FN:5,_interopRequireDefault
FNF:1
FNH:0
FNDA:0,_interopRequireDefault
DA:1,0
DA:2,0
DA:3,0
DA:5,0
DA:7,0
DA:11,0
LF:6
LH:0
BRDA:5,0,0,0
BRDA:5,0,1,0
BRDA:5,1,0,0
BRDA:5,1,1,0
BRF:4
BRH:0
end_of_record
TN:
SF:C:\Users\Lagora\dev\test.nwnb.00\src\modules\world.js
FNF:0
FNH:0
DA:1,0
DA:3,0
DA:7,0
DA:11,0
DA:15,0
DA:19,0
LF:6
LH:0
BRF:0
BRH:0
end_of_record
